
> fire-saas-public@0.1.0 build
> next build

  ▲ Next.js 14.2.15
  - Environments: .env.local, .env

   Creating an optimized production build ...

🌼   daisyUI 4.6.1
├─ ✔︎ 1 theme added		https://daisyui.com/docs/themes
╰─ ★ Star daisyUI on GitHub	https://github.com/saadeghi/daisyui

 ✓ Compiled successfully
   Linting and checking validity of types ...
   Collecting page data ...
Firebase Admin initialized using explicit service account
Firebase Admin initialized using explicit service account
Firebase Admin initialized using explicit service account
Firebase Admin initialized using explicit service account
Firebase Admin initialized using explicit service account
Firebase Admin initialized using explicit service account
Firebase Admin initialized using explicit service account
   Generating static pages (0/28) ...
Firebase Admin initialized using explicit service account
Firebase Admin initialized using explicit service account
   Generating static pages (7/28) 
   Generating static pages (14/28) 
   Generating static pages (21/28) 
🎯 Dashboard state: {
  loading: true,
  hasActiveSubscription: false,
  subscriptionStatus: undefined,
  currentPlan: undefined,
  monthlyScansLimit: undefined,
  scansRemaining: 0
}
TypeError: Cannot read properties of null (reading 'container')
    at V (/home/zack/Desktop/WebDev/Hacker Analytics/SaaS/.next/server/chunks/289.js:36:76176)
    at tL (/home/zack/Desktop/WebDev/Hacker Analytics/SaaS/.next/server/chunks/289.js:36:153094)
    at 94117 (/home/zack/Desktop/WebDev/Hacker Analytics/SaaS/.next/server/app/login/page.js:1:4524)
    at Object.t [as require] (/home/zack/Desktop/WebDev/Hacker Analytics/SaaS/.next/server/webpack-runtime.js:1:128)
    at __next_require__ (webpack://next/dist/esm/server/client-component-renderer-logger.js:17:50)
    at M (webpack://next/dist/compiled/react-server-dom-webpack/cjs/react-server-dom-webpack-client.edge.production.min.js:28:46)
    at a (webpack://next/dist/compiled/react-server-dom-webpack/cjs/react-server-dom-webpack-client.edge.production.min.js:25:89)
    at If (webpack://next/dist/compiled/react-dom/cjs/react-dom-server.edge.production.min.js:132:222)
    at Z (webpack://next/dist/compiled/react-dom/cjs/react-dom-server.edge.production.min.js:177:243)
    at nB (webpack://next/dist/compiled/react-dom/cjs/react-dom-server.edge.production.min.js:188:171) {
  digest: '3745493662'
}

Error occurred prerendering page "/login". Read more: https://nextjs.org/docs/messages/prerender-error

TypeError: Cannot read properties of null (reading 'container')
    at V (/home/zack/Desktop/WebDev/Hacker Analytics/SaaS/.next/server/chunks/289.js:36:76176)
    at tL (/home/zack/Desktop/WebDev/Hacker Analytics/SaaS/.next/server/chunks/289.js:36:153094)
    at 94117 (/home/zack/Desktop/WebDev/Hacker Analytics/SaaS/.next/server/app/login/page.js:1:4524)
    at Object.t [as require] (/home/zack/Desktop/WebDev/Hacker Analytics/SaaS/.next/server/webpack-runtime.js:1:128)
    at __next_require__ (webpack://next/dist/esm/server/client-component-renderer-logger.js:17:50)
    at M (webpack://next/dist/compiled/react-server-dom-webpack/cjs/react-server-dom-webpack-client.edge.production.min.js:28:46)
    at a (webpack://next/dist/compiled/react-server-dom-webpack/cjs/react-server-dom-webpack-client.edge.production.min.js:25:89)
    at If (webpack://next/dist/compiled/react-dom/cjs/react-dom-server.edge.production.min.js:132:222)
    at Z (webpack://next/dist/compiled/react-dom/cjs/react-dom-server.edge.production.min.js:177:243)
    at nB (webpack://next/dist/compiled/react-dom/cjs/react-dom-server.edge.production.min.js:188:171)
 ✓ Generating static pages (28/28)

> Export encountered errors on following paths:
	/login/page: /login
